ERROR - 2022-04-12 04:21:31 --> Error connecting to the database: No connection could be made because the target machine actively refused it
CRITICAL - 2022-04-12 04:21:31 --> Unable to connect to the database.
Main connection [MySQLi]: No connection could be made because the target machine actively refused it
#0 C:\xampp\htdocs\AttendanceSystem\system\Database\BaseConnection.php(577): CodeIgniter\Database\BaseConnection->initialize()
#1 C:\xampp\htdocs\AttendanceSystem\system\Database\BaseBuilder.php(1455): CodeIgniter\Database\BaseConnection->query('SELECT `users`....', Array, false)
#2 C:\xampp\htdocs\AttendanceSystem\app\Controllers\Admin\AttendanceController.php(86): CodeIgniter\Database\BaseBuilder->get()
#3 C:\xampp\htdocs\AttendanceSystem\system\CodeIgniter.php(832): App\Controllers\Admin\AttendanceController->loadCheckin()
#4 C:\xampp\htdocs\AttendanceSystem\system\CodeIgniter.php(419): CodeIgniter\CodeIgniter->runController(Object(App\Controllers\Admin\AttendanceController))
#5 C:\xampp\htdocs\AttendanceSystem\system\CodeIgniter.php(326): CodeIgniter\CodeIgniter->handleRequest(NULL, Object(Config\Cache), false)
#6 C:\xampp\htdocs\AttendanceSystem\index.php(37): CodeIgniter\CodeIgniter->run()
#7 {main}
ERROR - 2022-04-12 04:21:39 --> Error connecting to the database: MySQL server has gone away
CRITICAL - 2022-04-12 04:21:39 --> Unable to connect to the database.
Main connection [MySQLi]: MySQL server has gone away
#0 C:\xampp\htdocs\AttendanceSystem\system\Database\BaseConnection.php(577): CodeIgniter\Database\BaseConnection->initialize()
#1 C:\xampp\htdocs\AttendanceSystem\system\Database\BaseBuilder.php(1455): CodeIgniter\Database\BaseConnection->query('SELECT `users`....', Array, false)
#2 C:\xampp\htdocs\AttendanceSystem\app\Controllers\Admin\AttendanceController.php(86): CodeIgniter\Database\BaseBuilder->get()
#3 C:\xampp\htdocs\AttendanceSystem\system\CodeIgniter.php(832): App\Controllers\Admin\AttendanceController->loadCheckin()
#4 C:\xampp\htdocs\AttendanceSystem\system\CodeIgniter.php(419): CodeIgniter\CodeIgniter->runController(Object(App\Controllers\Admin\AttendanceController))
#5 C:\xampp\htdocs\AttendanceSystem\system\CodeIgniter.php(326): CodeIgniter\CodeIgniter->handleRequest(NULL, Object(Config\Cache), false)
#6 C:\xampp\htdocs\AttendanceSystem\index.php(37): CodeIgniter\CodeIgniter->run()
#7 {main}
ERROR - 2022-04-12 04:21:46 --> Error connecting to the database: MySQL server has gone away
CRITICAL - 2022-04-12 04:21:46 --> Unable to connect to the database.
Main connection [MySQLi]: MySQL server has gone away
#0 C:\xampp\htdocs\AttendanceSystem\system\Database\BaseConnection.php(577): CodeIgniter\Database\BaseConnection->initialize()
#1 C:\xampp\htdocs\AttendanceSystem\system\Database\BaseBuilder.php(1455): CodeIgniter\Database\BaseConnection->query('SELECT `users`....', Array, false)
#2 C:\xampp\htdocs\AttendanceSystem\app\Controllers\Admin\AttendanceController.php(86): CodeIgniter\Database\BaseBuilder->get()
#3 C:\xampp\htdocs\AttendanceSystem\system\CodeIgniter.php(832): App\Controllers\Admin\AttendanceController->loadCheckin()
#4 C:\xampp\htdocs\AttendanceSystem\system\CodeIgniter.php(419): CodeIgniter\CodeIgniter->runController(Object(App\Controllers\Admin\AttendanceController))
#5 C:\xampp\htdocs\AttendanceSystem\system\CodeIgniter.php(326): CodeIgniter\CodeIgniter->handleRequest(NULL, Object(Config\Cache), false)
#6 C:\xampp\htdocs\AttendanceSystem\index.php(37): CodeIgniter\CodeIgniter->run()
#7 {main}
ERROR - 2022-04-12 04:47:38 --> Error connecting to the database: Unknown database 'attendancesystem'
CRITICAL - 2022-04-12 04:47:38 --> Unable to connect to the database.
Main connection [MySQLi]: Unknown database 'attendancesystem'
#0 C:\xampp\htdocs\AttendanceSystem\system\Database\BaseConnection.php(577): CodeIgniter\Database\BaseConnection->initialize()
#1 C:\xampp\htdocs\AttendanceSystem\system\Database\BaseBuilder.php(1455): CodeIgniter\Database\BaseConnection->query('SELECT `users`....', Array, false)
#2 C:\xampp\htdocs\AttendanceSystem\app\Controllers\Admin\AttendanceController.php(86): CodeIgniter\Database\BaseBuilder->get()
#3 C:\xampp\htdocs\AttendanceSystem\system\CodeIgniter.php(832): App\Controllers\Admin\AttendanceController->loadCheckin()
#4 C:\xampp\htdocs\AttendanceSystem\system\CodeIgniter.php(419): CodeIgniter\CodeIgniter->runController(Object(App\Controllers\Admin\AttendanceController))
#5 C:\xampp\htdocs\AttendanceSystem\system\CodeIgniter.php(326): CodeIgniter\CodeIgniter->handleRequest(NULL, Object(Config\Cache), false)
#6 C:\xampp\htdocs\AttendanceSystem\index.php(37): CodeIgniter\CodeIgniter->run()
#7 {main}
ERROR - 2022-04-12 04:47:43 --> Error connecting to the database: Unknown database 'attendancesystem'
CRITICAL - 2022-04-12 04:47:43 --> Unable to connect to the database.
Main connection [MySQLi]: Unknown database 'attendancesystem'
#0 C:\xampp\htdocs\AttendanceSystem\system\Database\BaseConnection.php(577): CodeIgniter\Database\BaseConnection->initialize()
#1 C:\xampp\htdocs\AttendanceSystem\system\Database\BaseBuilder.php(1455): CodeIgniter\Database\BaseConnection->query('SELECT `users`....', Array, false)
#2 C:\xampp\htdocs\AttendanceSystem\app\Controllers\Admin\AttendanceController.php(86): CodeIgniter\Database\BaseBuilder->get()
#3 C:\xampp\htdocs\AttendanceSystem\system\CodeIgniter.php(832): App\Controllers\Admin\AttendanceController->loadCheckin()
#4 C:\xampp\htdocs\AttendanceSystem\system\CodeIgniter.php(419): CodeIgniter\CodeIgniter->runController(Object(App\Controllers\Admin\AttendanceController))
#5 C:\xampp\htdocs\AttendanceSystem\system\CodeIgniter.php(326): CodeIgniter\CodeIgniter->handleRequest(NULL, Object(Config\Cache), false)
#6 C:\xampp\htdocs\AttendanceSystem\index.php(37): CodeIgniter\CodeIgniter->run()
#7 {main}
ERROR - 2022-04-12 04:47:57 --> Error connecting to the database: Unknown database 'attendancesystem'
CRITICAL - 2022-04-12 04:47:57 --> Unable to connect to the database.
Main connection [MySQLi]: Unknown database 'attendancesystem'
#0 C:\xampp\htdocs\AttendanceSystem\system\Database\BaseConnection.php(577): CodeIgniter\Database\BaseConnection->initialize()
#1 C:\xampp\htdocs\AttendanceSystem\system\Database\BaseBuilder.php(1455): CodeIgniter\Database\BaseConnection->query('SELECT `users`....', Array, false)
#2 C:\xampp\htdocs\AttendanceSystem\app\Controllers\Admin\AttendanceController.php(86): CodeIgniter\Database\BaseBuilder->get()
#3 C:\xampp\htdocs\AttendanceSystem\system\CodeIgniter.php(832): App\Controllers\Admin\AttendanceController->loadCheckin()
#4 C:\xampp\htdocs\AttendanceSystem\system\CodeIgniter.php(419): CodeIgniter\CodeIgniter->runController(Object(App\Controllers\Admin\AttendanceController))
#5 C:\xampp\htdocs\AttendanceSystem\system\CodeIgniter.php(326): CodeIgniter\CodeIgniter->handleRequest(NULL, Object(Config\Cache), false)
#6 C:\xampp\htdocs\AttendanceSystem\index.php(37): CodeIgniter\CodeIgniter->run()
#7 {main}
ERROR - 2022-04-12 04:48:52 --> Table 'attendancesystem.checkins' doesn't exist in engine
CRITICAL - 2022-04-12 04:48:52 --> Table 'attendancesystem.checkins' doesn't exist in engine
#0 C:\xampp\htdocs\AttendanceSystem\system\Database\MySQLi\Connection.php(292): mysqli->query('SELECT `users`....', 0)
#1 C:\xampp\htdocs\AttendanceSystem\system\Database\BaseConnection.php(670): CodeIgniter\Database\MySQLi\Connection->execute('SELECT `users`....')
#2 C:\xampp\htdocs\AttendanceSystem\system\Database\BaseConnection.php(598): CodeIgniter\Database\BaseConnection->simpleQuery('SELECT `users`....')
#3 C:\xampp\htdocs\AttendanceSystem\system\Database\BaseBuilder.php(1455): CodeIgniter\Database\BaseConnection->query('SELECT `users`....', Array, false)
#4 C:\xampp\htdocs\AttendanceSystem\app\Controllers\Admin\AttendanceController.php(86): CodeIgniter\Database\BaseBuilder->get()
#5 C:\xampp\htdocs\AttendanceSystem\system\CodeIgniter.php(832): App\Controllers\Admin\AttendanceController->loadCheckin()
#6 C:\xampp\htdocs\AttendanceSystem\system\CodeIgniter.php(419): CodeIgniter\CodeIgniter->runController(Object(App\Controllers\Admin\AttendanceController))
#7 C:\xampp\htdocs\AttendanceSystem\system\CodeIgniter.php(326): CodeIgniter\CodeIgniter->handleRequest(NULL, Object(Config\Cache), false)
#8 C:\xampp\htdocs\AttendanceSystem\index.php(37): CodeIgniter\CodeIgniter->run()
#9 {main}
ERROR - 2022-04-12 04:52:31 --> Table 'attendancesystem.checkins' doesn't exist in engine
CRITICAL - 2022-04-12 04:52:31 --> Table 'attendancesystem.checkins' doesn't exist in engine
#0 C:\xampp\htdocs\AttendanceSystem\system\Database\MySQLi\Connection.php(292): mysqli->query('SELECT `users`....', 0)
#1 C:\xampp\htdocs\AttendanceSystem\system\Database\BaseConnection.php(670): CodeIgniter\Database\MySQLi\Connection->execute('SELECT `users`....')
#2 C:\xampp\htdocs\AttendanceSystem\system\Database\BaseConnection.php(598): CodeIgniter\Database\BaseConnection->simpleQuery('SELECT `users`....')
#3 C:\xampp\htdocs\AttendanceSystem\system\Database\BaseBuilder.php(1455): CodeIgniter\Database\BaseConnection->query('SELECT `users`....', Array, false)
#4 C:\xampp\htdocs\AttendanceSystem\app\Controllers\Admin\AttendanceController.php(86): CodeIgniter\Database\BaseBuilder->get()
#5 C:\xampp\htdocs\AttendanceSystem\system\CodeIgniter.php(832): App\Controllers\Admin\AttendanceController->loadCheckin()
#6 C:\xampp\htdocs\AttendanceSystem\system\CodeIgniter.php(419): CodeIgniter\CodeIgniter->runController(Object(App\Controllers\Admin\AttendanceController))
#7 C:\xampp\htdocs\AttendanceSystem\system\CodeIgniter.php(326): CodeIgniter\CodeIgniter->handleRequest(NULL, Object(Config\Cache), false)
#8 C:\xampp\htdocs\AttendanceSystem\index.php(37): CodeIgniter\CodeIgniter->run()
#9 {main}
ERROR - 2022-04-12 04:57:03 --> Table 'attendancesystem.checkins' doesn't exist in engine
CRITICAL - 2022-04-12 04:57:03 --> Table 'attendancesystem.checkins' doesn't exist in engine
#0 C:\xampp\htdocs\AttendanceSystem\system\Database\MySQLi\Connection.php(292): mysqli->query('SELECT `users`....', 0)
#1 C:\xampp\htdocs\AttendanceSystem\system\Database\BaseConnection.php(670): CodeIgniter\Database\MySQLi\Connection->execute('SELECT `users`....')
#2 C:\xampp\htdocs\AttendanceSystem\system\Database\BaseConnection.php(598): CodeIgniter\Database\BaseConnection->simpleQuery('SELECT `users`....')
#3 C:\xampp\htdocs\AttendanceSystem\system\Database\BaseBuilder.php(1455): CodeIgniter\Database\BaseConnection->query('SELECT `users`....', Array, false)
#4 C:\xampp\htdocs\AttendanceSystem\app\Controllers\Admin\AttendanceController.php(86): CodeIgniter\Database\BaseBuilder->get()
#5 C:\xampp\htdocs\AttendanceSystem\system\CodeIgniter.php(832): App\Controllers\Admin\AttendanceController->loadCheckin()
#6 C:\xampp\htdocs\AttendanceSystem\system\CodeIgniter.php(419): CodeIgniter\CodeIgniter->runController(Object(App\Controllers\Admin\AttendanceController))
#7 C:\xampp\htdocs\AttendanceSystem\system\CodeIgniter.php(326): CodeIgniter\CodeIgniter->handleRequest(NULL, Object(Config\Cache), false)
#8 C:\xampp\htdocs\AttendanceSystem\index.php(37): CodeIgniter\CodeIgniter->run()
#9 {main}
ERROR - 2022-04-12 06:54:05 --> Unknown column 'roles.role_name' in 'field list'
CRITICAL - 2022-04-12 06:54:05 --> Unknown column 'roles.role_name' in 'field list'
#0 C:\xampp\htdocs\AttendanceSystem\system\Database\MySQLi\Connection.php(292): mysqli->query('SELECT `users`....', 0)
#1 C:\xampp\htdocs\AttendanceSystem\system\Database\BaseConnection.php(670): CodeIgniter\Database\MySQLi\Connection->execute('SELECT `users`....')
#2 C:\xampp\htdocs\AttendanceSystem\system\Database\BaseConnection.php(598): CodeIgniter\Database\BaseConnection->simpleQuery('SELECT `users`....')
#3 C:\xampp\htdocs\AttendanceSystem\system\Database\BaseBuilder.php(1455): CodeIgniter\Database\BaseConnection->query('SELECT `users`....', Array, false)
#4 C:\xampp\htdocs\AttendanceSystem\app\Controllers\Admin\UserController.php(59): CodeIgniter\Database\BaseBuilder->get()
#5 C:\xampp\htdocs\AttendanceSystem\system\CodeIgniter.php(832): App\Controllers\Admin\UserController->ajaxLoadData()
#6 C:\xampp\htdocs\AttendanceSystem\system\CodeIgniter.php(419): CodeIgniter\CodeIgniter->runController(Object(App\Controllers\Admin\UserController))
#7 C:\xampp\htdocs\AttendanceSystem\system\CodeIgniter.php(326): CodeIgniter\CodeIgniter->handleRequest(NULL, Object(Config\Cache), false)
#8 C:\xampp\htdocs\AttendanceSystem\index.php(37): CodeIgniter\CodeIgniter->run()
#9 {main}
ERROR - 2022-04-12 06:54:13 --> Unknown column 'roles.role_name' in 'field list'
CRITICAL - 2022-04-12 06:54:13 --> Unknown column 'roles.role_name' in 'field list'
#0 C:\xampp\htdocs\AttendanceSystem\system\Database\MySQLi\Connection.php(292): mysqli->query('SELECT `users`....', 0)
#1 C:\xampp\htdocs\AttendanceSystem\system\Database\BaseConnection.php(670): CodeIgniter\Database\MySQLi\Connection->execute('SELECT `users`....')
#2 C:\xampp\htdocs\AttendanceSystem\system\Database\BaseConnection.php(598): CodeIgniter\Database\BaseConnection->simpleQuery('SELECT `users`....')
#3 C:\xampp\htdocs\AttendanceSystem\system\Database\BaseBuilder.php(1455): CodeIgniter\Database\BaseConnection->query('SELECT `users`....', Array, false)
#4 C:\xampp\htdocs\AttendanceSystem\app\Controllers\Admin\UserController.php(59): CodeIgniter\Database\BaseBuilder->get()
#5 C:\xampp\htdocs\AttendanceSystem\system\CodeIgniter.php(832): App\Controllers\Admin\UserController->ajaxLoadData()
#6 C:\xampp\htdocs\AttendanceSystem\system\CodeIgniter.php(419): CodeIgniter\CodeIgniter->runController(Object(App\Controllers\Admin\UserController))
#7 C:\xampp\htdocs\AttendanceSystem\system\CodeIgniter.php(326): CodeIgniter\CodeIgniter->handleRequest(NULL, Object(Config\Cache), false)
#8 C:\xampp\htdocs\AttendanceSystem\index.php(37): CodeIgniter\CodeIgniter->run()
#9 {main}
