CRITICAL - 2022-04-25 11:54:30 --> Attempt to read property "id" on array
#0 C:\xampp\htdocs\AttendanceSystem\app\Views\admin\admin_payroll\index.php(36): CodeIgniter\Debug\Exceptions->errorHandler(2, 'Attempt to read...', 'C:\\xampp\\htdocs...', 36)
#1 C:\xampp\htdocs\AttendanceSystem\system\View\View.php(210): include('C:\\xampp\\htdocs...')
#2 C:\xampp\htdocs\AttendanceSystem\system\View\View.php(213): CodeIgniter\View\View->CodeIgniter\View\{closure}()
#3 C:\xampp\htdocs\AttendanceSystem\system\Common.php(1089): CodeIgniter\View\View->render('admin/admin_pay...', Array, true)
#4 C:\xampp\htdocs\AttendanceSystem\app\Controllers\Admin\PayrollController.php(21): view('admin/admin_pay...', Array)
#5 C:\xampp\htdocs\AttendanceSystem\system\CodeIgniter.php(832): App\Controllers\Admin\PayrollController->index()
#6 C:\xampp\htdocs\AttendanceSystem\system\CodeIgniter.php(419): CodeIgniter\CodeIgniter->runController(Object(App\Controllers\Admin\PayrollController))
#7 C:\xampp\htdocs\AttendanceSystem\system\CodeIgniter.php(326): CodeIgniter\CodeIgniter->handleRequest(NULL, Object(Config\Cache), false)
#8 C:\xampp\htdocs\AttendanceSystem\index.php(37): CodeIgniter\CodeIgniter->run()
#9 {main}
CRITICAL - 2022-04-25 11:54:58 --> Attempt to read property "id" on array
#0 C:\xampp\htdocs\AttendanceSystem\app\Views\admin\admin_payroll\index.php(36): CodeIgniter\Debug\Exceptions->errorHandler(2, 'Attempt to read...', 'C:\\xampp\\htdocs...', 36)
#1 C:\xampp\htdocs\AttendanceSystem\system\View\View.php(210): include('C:\\xampp\\htdocs...')
#2 C:\xampp\htdocs\AttendanceSystem\system\View\View.php(213): CodeIgniter\View\View->CodeIgniter\View\{closure}()
#3 C:\xampp\htdocs\AttendanceSystem\system\Common.php(1089): CodeIgniter\View\View->render('admin/admin_pay...', Array, true)
#4 C:\xampp\htdocs\AttendanceSystem\app\Controllers\Admin\PayrollController.php(21): view('admin/admin_pay...', Array)
#5 C:\xampp\htdocs\AttendanceSystem\system\CodeIgniter.php(832): App\Controllers\Admin\PayrollController->index()
#6 C:\xampp\htdocs\AttendanceSystem\system\CodeIgniter.php(419): CodeIgniter\CodeIgniter->runController(Object(App\Controllers\Admin\PayrollController))
#7 C:\xampp\htdocs\AttendanceSystem\system\CodeIgniter.php(326): CodeIgniter\CodeIgniter->handleRequest(NULL, Object(Config\Cache), false)
#8 C:\xampp\htdocs\AttendanceSystem\index.php(37): CodeIgniter\CodeIgniter->run()
#9 {main}
CRITICAL - 2022-04-25 11:55:00 --> Attempt to read property "id" on array
#0 C:\xampp\htdocs\AttendanceSystem\app\Views\admin\admin_payroll\index.php(36): CodeIgniter\Debug\Exceptions->errorHandler(2, 'Attempt to read...', 'C:\\xampp\\htdocs...', 36)
#1 C:\xampp\htdocs\AttendanceSystem\system\View\View.php(210): include('C:\\xampp\\htdocs...')
#2 C:\xampp\htdocs\AttendanceSystem\system\View\View.php(213): CodeIgniter\View\View->CodeIgniter\View\{closure}()
#3 C:\xampp\htdocs\AttendanceSystem\system\Common.php(1089): CodeIgniter\View\View->render('admin/admin_pay...', Array, true)
#4 C:\xampp\htdocs\AttendanceSystem\app\Controllers\Admin\PayrollController.php(21): view('admin/admin_pay...', Array)
#5 C:\xampp\htdocs\AttendanceSystem\system\CodeIgniter.php(832): App\Controllers\Admin\PayrollController->index()
#6 C:\xampp\htdocs\AttendanceSystem\system\CodeIgniter.php(419): CodeIgniter\CodeIgniter->runController(Object(App\Controllers\Admin\PayrollController))
#7 C:\xampp\htdocs\AttendanceSystem\system\CodeIgniter.php(326): CodeIgniter\CodeIgniter->handleRequest(NULL, Object(Config\Cache), false)
#8 C:\xampp\htdocs\AttendanceSystem\index.php(37): CodeIgniter\CodeIgniter->run()
#9 {main}
CRITICAL - 2022-04-25 11:55:00 --> Attempt to read property "id" on array
#0 C:\xampp\htdocs\AttendanceSystem\app\Views\admin\admin_payroll\index.php(36): CodeIgniter\Debug\Exceptions->errorHandler(2, 'Attempt to read...', 'C:\\xampp\\htdocs...', 36)
#1 C:\xampp\htdocs\AttendanceSystem\system\View\View.php(210): include('C:\\xampp\\htdocs...')
#2 C:\xampp\htdocs\AttendanceSystem\system\View\View.php(213): CodeIgniter\View\View->CodeIgniter\View\{closure}()
#3 C:\xampp\htdocs\AttendanceSystem\system\Common.php(1089): CodeIgniter\View\View->render('admin/admin_pay...', Array, true)
#4 C:\xampp\htdocs\AttendanceSystem\app\Controllers\Admin\PayrollController.php(21): view('admin/admin_pay...', Array)
#5 C:\xampp\htdocs\AttendanceSystem\system\CodeIgniter.php(832): App\Controllers\Admin\PayrollController->index()
#6 C:\xampp\htdocs\AttendanceSystem\system\CodeIgniter.php(419): CodeIgniter\CodeIgniter->runController(Object(App\Controllers\Admin\PayrollController))
#7 C:\xampp\htdocs\AttendanceSystem\system\CodeIgniter.php(326): CodeIgniter\CodeIgniter->handleRequest(NULL, Object(Config\Cache), false)
#8 C:\xampp\htdocs\AttendanceSystem\index.php(37): CodeIgniter\CodeIgniter->run()
#9 {main}
CRITICAL - 2022-04-25 11:55:00 --> Attempt to read property "id" on array
#0 C:\xampp\htdocs\AttendanceSystem\app\Views\admin\admin_payroll\index.php(36): CodeIgniter\Debug\Exceptions->errorHandler(2, 'Attempt to read...', 'C:\\xampp\\htdocs...', 36)
#1 C:\xampp\htdocs\AttendanceSystem\system\View\View.php(210): include('C:\\xampp\\htdocs...')
#2 C:\xampp\htdocs\AttendanceSystem\system\View\View.php(213): CodeIgniter\View\View->CodeIgniter\View\{closure}()
#3 C:\xampp\htdocs\AttendanceSystem\system\Common.php(1089): CodeIgniter\View\View->render('admin/admin_pay...', Array, true)
#4 C:\xampp\htdocs\AttendanceSystem\app\Controllers\Admin\PayrollController.php(21): view('admin/admin_pay...', Array)
#5 C:\xampp\htdocs\AttendanceSystem\system\CodeIgniter.php(832): App\Controllers\Admin\PayrollController->index()
#6 C:\xampp\htdocs\AttendanceSystem\system\CodeIgniter.php(419): CodeIgniter\CodeIgniter->runController(Object(App\Controllers\Admin\PayrollController))
#7 C:\xampp\htdocs\AttendanceSystem\system\CodeIgniter.php(326): CodeIgniter\CodeIgniter->handleRequest(NULL, Object(Config\Cache), false)
#8 C:\xampp\htdocs\AttendanceSystem\index.php(37): CodeIgniter\CodeIgniter->run()
#9 {main}
CRITICAL - 2022-04-25 11:55:00 --> Attempt to read property "id" on array
#0 C:\xampp\htdocs\AttendanceSystem\app\Views\admin\admin_payroll\index.php(36): CodeIgniter\Debug\Exceptions->errorHandler(2, 'Attempt to read...', 'C:\\xampp\\htdocs...', 36)
#1 C:\xampp\htdocs\AttendanceSystem\system\View\View.php(210): include('C:\\xampp\\htdocs...')
#2 C:\xampp\htdocs\AttendanceSystem\system\View\View.php(213): CodeIgniter\View\View->CodeIgniter\View\{closure}()
#3 C:\xampp\htdocs\AttendanceSystem\system\Common.php(1089): CodeIgniter\View\View->render('admin/admin_pay...', Array, true)
#4 C:\xampp\htdocs\AttendanceSystem\app\Controllers\Admin\PayrollController.php(21): view('admin/admin_pay...', Array)
#5 C:\xampp\htdocs\AttendanceSystem\system\CodeIgniter.php(832): App\Controllers\Admin\PayrollController->index()
#6 C:\xampp\htdocs\AttendanceSystem\system\CodeIgniter.php(419): CodeIgniter\CodeIgniter->runController(Object(App\Controllers\Admin\PayrollController))
#7 C:\xampp\htdocs\AttendanceSystem\system\CodeIgniter.php(326): CodeIgniter\CodeIgniter->handleRequest(NULL, Object(Config\Cache), false)
#8 C:\xampp\htdocs\AttendanceSystem\index.php(37): CodeIgniter\CodeIgniter->run()
#9 {main}
CRITICAL - 2022-04-25 11:55:00 --> Attempt to read property "id" on array
#0 C:\xampp\htdocs\AttendanceSystem\app\Views\admin\admin_payroll\index.php(36): CodeIgniter\Debug\Exceptions->errorHandler(2, 'Attempt to read...', 'C:\\xampp\\htdocs...', 36)
#1 C:\xampp\htdocs\AttendanceSystem\system\View\View.php(210): include('C:\\xampp\\htdocs...')
#2 C:\xampp\htdocs\AttendanceSystem\system\View\View.php(213): CodeIgniter\View\View->CodeIgniter\View\{closure}()
#3 C:\xampp\htdocs\AttendanceSystem\system\Common.php(1089): CodeIgniter\View\View->render('admin/admin_pay...', Array, true)
#4 C:\xampp\htdocs\AttendanceSystem\app\Controllers\Admin\PayrollController.php(21): view('admin/admin_pay...', Array)
#5 C:\xampp\htdocs\AttendanceSystem\system\CodeIgniter.php(832): App\Controllers\Admin\PayrollController->index()
#6 C:\xampp\htdocs\AttendanceSystem\system\CodeIgniter.php(419): CodeIgniter\CodeIgniter->runController(Object(App\Controllers\Admin\PayrollController))
#7 C:\xampp\htdocs\AttendanceSystem\system\CodeIgniter.php(326): CodeIgniter\CodeIgniter->handleRequest(NULL, Object(Config\Cache), false)
#8 C:\xampp\htdocs\AttendanceSystem\index.php(37): CodeIgniter\CodeIgniter->run()
#9 {main}
CRITICAL - 2022-04-25 11:55:00 --> Attempt to read property "id" on array
#0 C:\xampp\htdocs\AttendanceSystem\app\Views\admin\admin_payroll\index.php(36): CodeIgniter\Debug\Exceptions->errorHandler(2, 'Attempt to read...', 'C:\\xampp\\htdocs...', 36)
#1 C:\xampp\htdocs\AttendanceSystem\system\View\View.php(210): include('C:\\xampp\\htdocs...')
#2 C:\xampp\htdocs\AttendanceSystem\system\View\View.php(213): CodeIgniter\View\View->CodeIgniter\View\{closure}()
#3 C:\xampp\htdocs\AttendanceSystem\system\Common.php(1089): CodeIgniter\View\View->render('admin/admin_pay...', Array, true)
#4 C:\xampp\htdocs\AttendanceSystem\app\Controllers\Admin\PayrollController.php(21): view('admin/admin_pay...', Array)
#5 C:\xampp\htdocs\AttendanceSystem\system\CodeIgniter.php(832): App\Controllers\Admin\PayrollController->index()
#6 C:\xampp\htdocs\AttendanceSystem\system\CodeIgniter.php(419): CodeIgniter\CodeIgniter->runController(Object(App\Controllers\Admin\PayrollController))
#7 C:\xampp\htdocs\AttendanceSystem\system\CodeIgniter.php(326): CodeIgniter\CodeIgniter->handleRequest(NULL, Object(Config\Cache), false)
#8 C:\xampp\htdocs\AttendanceSystem\index.php(37): CodeIgniter\CodeIgniter->run()
#9 {main}
CRITICAL - 2022-04-25 16:11:46 --> Maximum execution time of 120 seconds exceeded
#0 [internal function]: CodeIgniter\Debug\Exceptions->shutdownHandler()
#1 {main}
CRITICAL - 2022-04-25 16:14:25 --> Maximum execution time of 120 seconds exceeded
#0 [internal function]: CodeIgniter\Debug\Exceptions->shutdownHandler()
#1 {main}
CRITICAL - 2022-04-25 16:15:29 --> Array to string conversion
#0 C:\xampp\htdocs\AttendanceSystem\app\Views\admin\admin_payroll\payroll_layout.php(19): CodeIgniter\Debug\Exceptions->errorHandler(2, 'Array to string...', 'C:\\xampp\\htdocs...', 19)
#1 C:\xampp\htdocs\AttendanceSystem\system\View\View.php(210): include('C:\\xampp\\htdocs...')
#2 C:\xampp\htdocs\AttendanceSystem\system\View\View.php(213): CodeIgniter\View\View->CodeIgniter\View\{closure}()
#3 C:\xampp\htdocs\AttendanceSystem\system\Common.php(1089): CodeIgniter\View\View->render('admin/admin_pay...', Array, true)
#4 C:\xampp\htdocs\AttendanceSystem\app\Controllers\Admin\PayrollController.php(34): view('admin/admin_pay...', Array)
#5 C:\xampp\htdocs\AttendanceSystem\system\CodeIgniter.php(832): App\Controllers\Admin\PayrollController->payrollLayout()
#6 C:\xampp\htdocs\AttendanceSystem\system\CodeIgniter.php(419): CodeIgniter\CodeIgniter->runController(Object(App\Controllers\Admin\PayrollController))
#7 C:\xampp\htdocs\AttendanceSystem\system\CodeIgniter.php(326): CodeIgniter\CodeIgniter->handleRequest(NULL, Object(Config\Cache), false)
#8 C:\xampp\htdocs\AttendanceSystem\index.php(37): CodeIgniter\CodeIgniter->run()
#9 {main}
CRITICAL - 2022-04-25 16:15:54 --> Array to string conversion
#0 C:\xampp\htdocs\AttendanceSystem\app\Views\admin\admin_payroll\payroll_layout.php(19): CodeIgniter\Debug\Exceptions->errorHandler(2, 'Array to string...', 'C:\\xampp\\htdocs...', 19)
#1 C:\xampp\htdocs\AttendanceSystem\system\View\View.php(210): include('C:\\xampp\\htdocs...')
#2 C:\xampp\htdocs\AttendanceSystem\system\View\View.php(213): CodeIgniter\View\View->CodeIgniter\View\{closure}()
#3 C:\xampp\htdocs\AttendanceSystem\system\Common.php(1089): CodeIgniter\View\View->render('admin/admin_pay...', Array, true)
#4 C:\xampp\htdocs\AttendanceSystem\app\Controllers\Admin\PayrollController.php(34): view('admin/admin_pay...', Array)
#5 C:\xampp\htdocs\AttendanceSystem\system\CodeIgniter.php(832): App\Controllers\Admin\PayrollController->payrollLayout()
#6 C:\xampp\htdocs\AttendanceSystem\system\CodeIgniter.php(419): CodeIgniter\CodeIgniter->runController(Object(App\Controllers\Admin\PayrollController))
#7 C:\xampp\htdocs\AttendanceSystem\system\CodeIgniter.php(326): CodeIgniter\CodeIgniter->handleRequest(NULL, Object(Config\Cache), false)
#8 C:\xampp\htdocs\AttendanceSystem\index.php(37): CodeIgniter\CodeIgniter->run()
#9 {main}
CRITICAL - 2022-04-25 17:00:19 --> fopen(http://localhost/AttendanceSystempublic/csvfile/index.html): Failed to open stream: HTTP wrapper does not support writeable connections
#0 [internal function]: CodeIgniter\Debug\Exceptions->errorHandler(2, 'fopen(http://lo...', 'C:\\xampp\\htdocs...', 179)
#1 C:\xampp\htdocs\AttendanceSystem\system\HTTP\Files\UploadedFile.php(179): fopen('http://localhos...', 'x+b')
#2 C:\xampp\htdocs\AttendanceSystem\system\HTTP\Files\UploadedFile.php(130): CodeIgniter\HTTP\Files\UploadedFile->setPath('http://localhos...')
#3 C:\xampp\htdocs\AttendanceSystem\app\Controllers\Admin\PayrollController.php(61): CodeIgniter\HTTP\Files\UploadedFile->move('http://localhos...', '1650886219_a60f...')
#4 C:\xampp\htdocs\AttendanceSystem\system\CodeIgniter.php(832): App\Controllers\Admin\PayrollController->uploadPayslip()
#5 C:\xampp\htdocs\AttendanceSystem\system\CodeIgniter.php(419): CodeIgniter\CodeIgniter->runController(Object(App\Controllers\Admin\PayrollController))
#6 C:\xampp\htdocs\AttendanceSystem\system\CodeIgniter.php(326): CodeIgniter\CodeIgniter->handleRequest(NULL, Object(Config\Cache), false)
#7 C:\xampp\htdocs\AttendanceSystem\index.php(37): CodeIgniter\CodeIgniter->run()
#8 {main}
CRITICAL - 2022-04-25 17:01:52 --> fopen(http://localhost/AttendanceSystempublic/csvfile/index.html): Failed to open stream: HTTP wrapper does not support writeable connections
#0 [internal function]: CodeIgniter\Debug\Exceptions->errorHandler(2, 'fopen(http://lo...', 'C:\\xampp\\htdocs...', 179)
#1 C:\xampp\htdocs\AttendanceSystem\system\HTTP\Files\UploadedFile.php(179): fopen('http://localhos...', 'x+b')
#2 C:\xampp\htdocs\AttendanceSystem\system\HTTP\Files\UploadedFile.php(130): CodeIgniter\HTTP\Files\UploadedFile->setPath('http://localhos...')
#3 C:\xampp\htdocs\AttendanceSystem\app\Controllers\Admin\PayrollController.php(61): CodeIgniter\HTTP\Files\UploadedFile->move('http://localhos...', '1650886312_a516...')
#4 C:\xampp\htdocs\AttendanceSystem\system\CodeIgniter.php(832): App\Controllers\Admin\PayrollController->uploadPayslip()
#5 C:\xampp\htdocs\AttendanceSystem\system\CodeIgniter.php(419): CodeIgniter\CodeIgniter->runController(Object(App\Controllers\Admin\PayrollController))
#6 C:\xampp\htdocs\AttendanceSystem\system\CodeIgniter.php(326): CodeIgniter\CodeIgniter->handleRequest(NULL, Object(Config\Cache), false)
#7 C:\xampp\htdocs\AttendanceSystem\index.php(37): CodeIgniter\CodeIgniter->run()
#8 {main}
CRITICAL - 2022-04-25 17:02:33 --> fopen(http://localhost/AttendanceSystempublic/csvfile1650886353_02e638725ec86417ce21.xlsx/index.html): Failed to open stream: HTTP wrapper does not support writeable connections
#0 [internal function]: CodeIgniter\Debug\Exceptions->errorHandler(2, 'fopen(http://lo...', 'C:\\xampp\\htdocs...', 179)
#1 C:\xampp\htdocs\AttendanceSystem\system\HTTP\Files\UploadedFile.php(179): fopen('http://localhos...', 'x+b')
#2 C:\xampp\htdocs\AttendanceSystem\system\HTTP\Files\UploadedFile.php(130): CodeIgniter\HTTP\Files\UploadedFile->setPath('http://localhos...')
#3 C:\xampp\htdocs\AttendanceSystem\app\Controllers\Admin\PayrollController.php(63): CodeIgniter\HTTP\Files\UploadedFile->move('http://localhos...', '1650886353_02e6...')
#4 C:\xampp\htdocs\AttendanceSystem\system\CodeIgniter.php(832): App\Controllers\Admin\PayrollController->uploadPayslip()
#5 C:\xampp\htdocs\AttendanceSystem\system\CodeIgniter.php(419): CodeIgniter\CodeIgniter->runController(Object(App\Controllers\Admin\PayrollController))
#6 C:\xampp\htdocs\AttendanceSystem\system\CodeIgniter.php(326): CodeIgniter\CodeIgniter->handleRequest(NULL, Object(Config\Cache), false)
#7 C:\xampp\htdocs\AttendanceSystem\index.php(37): CodeIgniter\CodeIgniter->run()
#8 {main}
CRITICAL - 2022-04-25 17:32:05 --> fopen(http://localhost/AttendanceSystem/public/csvFile/index.html): Failed to open stream: HTTP wrapper does not support writeable connections
#0 [internal function]: CodeIgniter\Debug\Exceptions->errorHandler(2, 'fopen(http://lo...', 'C:\\xampp\\htdocs...', 179)
#1 C:\xampp\htdocs\AttendanceSystem\system\HTTP\Files\UploadedFile.php(179): fopen('http://localhos...', 'x+b')
#2 C:\xampp\htdocs\AttendanceSystem\system\HTTP\Files\UploadedFile.php(130): CodeIgniter\HTTP\Files\UploadedFile->setPath('http://localhos...')
#3 C:\xampp\htdocs\AttendanceSystem\app\Controllers\Admin\PayrollController.php(50): CodeIgniter\HTTP\Files\UploadedFile->move('http://localhos...', '1650888125_a5af...')
#4 C:\xampp\htdocs\AttendanceSystem\system\CodeIgniter.php(832): App\Controllers\Admin\PayrollController->uploadPayslip()
#5 C:\xampp\htdocs\AttendanceSystem\system\CodeIgniter.php(419): CodeIgniter\CodeIgniter->runController(Object(App\Controllers\Admin\PayrollController))
#6 C:\xampp\htdocs\AttendanceSystem\system\CodeIgniter.php(326): CodeIgniter\CodeIgniter->handleRequest(NULL, Object(Config\Cache), false)
#7 C:\xampp\htdocs\AttendanceSystem\index.php(37): CodeIgniter\CodeIgniter->run()
#8 {main}
CRITICAL - 2022-04-25 17:33:47 --> syntax error, unexpected token ","
#0 C:\xampp\htdocs\AttendanceSystem\system\Autoloader\Autoloader.php(241): CodeIgniter\Autoloader\Autoloader->includeFile('C:\\xampp\\htdocs...')
#1 C:\xampp\htdocs\AttendanceSystem\system\Autoloader\Autoloader.php(219): CodeIgniter\Autoloader\Autoloader->loadInNamespace('App\\Controllers...')
#2 [internal function]: CodeIgniter\Autoloader\Autoloader->loadClass('App\\Controllers...')
#3 C:\xampp\htdocs\AttendanceSystem\system\CodeIgniter.php(797): class_exists('\\App\\Controller...', true)
#4 C:\xampp\htdocs\AttendanceSystem\system\CodeIgniter.php(406): CodeIgniter\CodeIgniter->startController()
#5 C:\xampp\htdocs\AttendanceSystem\system\CodeIgniter.php(326): CodeIgniter\CodeIgniter->handleRequest(NULL, Object(Config\Cache), false)
#6 C:\xampp\htdocs\AttendanceSystem\index.php(37): CodeIgniter\CodeIgniter->run()
#7 {main}
CRITICAL - 2022-04-25 17:35:35 --> fopen(http://localhost/AttendanceSystem/public/csvFile/index.html): Failed to open stream: HTTP wrapper does not support writeable connections
#0 [internal function]: CodeIgniter\Debug\Exceptions->errorHandler(2, 'fopen(http://lo...', 'C:\\xampp\\htdocs...', 179)
#1 C:\xampp\htdocs\AttendanceSystem\system\HTTP\Files\UploadedFile.php(179): fopen('http://localhos...', 'x+b')
#2 C:\xampp\htdocs\AttendanceSystem\system\HTTP\Files\UploadedFile.php(130): CodeIgniter\HTTP\Files\UploadedFile->setPath('http://localhos...')
#3 C:\xampp\htdocs\AttendanceSystem\app\Controllers\Admin\PayrollController.php(52): CodeIgniter\HTTP\Files\UploadedFile->move('http://localhos...', '1650888335_6571...')
#4 C:\xampp\htdocs\AttendanceSystem\system\CodeIgniter.php(832): App\Controllers\Admin\PayrollController->uploadPayslip()
#5 C:\xampp\htdocs\AttendanceSystem\system\CodeIgniter.php(419): CodeIgniter\CodeIgniter->runController(Object(App\Controllers\Admin\PayrollController))
#6 C:\xampp\htdocs\AttendanceSystem\system\CodeIgniter.php(326): CodeIgniter\CodeIgniter->handleRequest(NULL, Object(Config\Cache), false)
#7 C:\xampp\htdocs\AttendanceSystem\index.php(37): CodeIgniter\CodeIgniter->run()
#8 {main}
CRITICAL - 2022-04-25 17:42:37 --> fopen(http://localhost/AttendanceSystem/public/csvfile/index.html): Failed to open stream: HTTP wrapper does not support writeable connections
#0 [internal function]: CodeIgniter\Debug\Exceptions->errorHandler(2, 'fopen(http://lo...', 'C:\\xampp\\htdocs...', 179)
#1 C:\xampp\htdocs\AttendanceSystem\system\HTTP\Files\UploadedFile.php(179): fopen('http://localhos...', 'x+b')
#2 C:\xampp\htdocs\AttendanceSystem\system\HTTP\Files\UploadedFile.php(130): CodeIgniter\HTTP\Files\UploadedFile->setPath('http://localhos...')
#3 C:\xampp\htdocs\AttendanceSystem\app\Controllers\Admin\PayrollController.php(54): CodeIgniter\HTTP\Files\UploadedFile->move('http://localhos...', '1650888757_9672...')
#4 C:\xampp\htdocs\AttendanceSystem\system\CodeIgniter.php(832): App\Controllers\Admin\PayrollController->uploadPayslip()
#5 C:\xampp\htdocs\AttendanceSystem\system\CodeIgniter.php(419): CodeIgniter\CodeIgniter->runController(Object(App\Controllers\Admin\PayrollController))
#6 C:\xampp\htdocs\AttendanceSystem\system\CodeIgniter.php(326): CodeIgniter\CodeIgniter->handleRequest(NULL, Object(Config\Cache), false)
#7 C:\xampp\htdocs\AttendanceSystem\index.php(37): CodeIgniter\CodeIgniter->run()
#8 {main}
CRITICAL - 2022-04-25 17:43:15 --> fopen(http://localhost/AttendanceSystem/public/csvfile/index.html): Failed to open stream: HTTP wrapper does not support writeable connections
#0 [internal function]: CodeIgniter\Debug\Exceptions->errorHandler(2, 'fopen(http://lo...', 'C:\\xampp\\htdocs...', 179)
#1 C:\xampp\htdocs\AttendanceSystem\system\HTTP\Files\UploadedFile.php(179): fopen('http://localhos...', 'x+b')
#2 C:\xampp\htdocs\AttendanceSystem\system\HTTP\Files\UploadedFile.php(130): CodeIgniter\HTTP\Files\UploadedFile->setPath('http://localhos...')
#3 C:\xampp\htdocs\AttendanceSystem\app\Controllers\Admin\PayrollController.php(54): CodeIgniter\HTTP\Files\UploadedFile->move('http://localhos...', '1650888795_3623...')
#4 C:\xampp\htdocs\AttendanceSystem\system\CodeIgniter.php(832): App\Controllers\Admin\PayrollController->uploadPayslip()
#5 C:\xampp\htdocs\AttendanceSystem\system\CodeIgniter.php(419): CodeIgniter\CodeIgniter->runController(Object(App\Controllers\Admin\PayrollController))
#6 C:\xampp\htdocs\AttendanceSystem\system\CodeIgniter.php(326): CodeIgniter\CodeIgniter->handleRequest(NULL, Object(Config\Cache), false)
#7 C:\xampp\htdocs\AttendanceSystem\index.php(37): CodeIgniter\CodeIgniter->run()
#8 {main}
CRITICAL - 2022-04-25 17:44:52 --> fopen(http://localhost/AttendanceSystem/public/csvfile/index.html): Failed to open stream: HTTP wrapper does not support writeable connections
#0 [internal function]: CodeIgniter\Debug\Exceptions->errorHandler(2, 'fopen(http://lo...', 'C:\\xampp\\htdocs...', 179)
#1 C:\xampp\htdocs\AttendanceSystem\system\HTTP\Files\UploadedFile.php(179): fopen('http://localhos...', 'x+b')
#2 C:\xampp\htdocs\AttendanceSystem\system\HTTP\Files\UploadedFile.php(130): CodeIgniter\HTTP\Files\UploadedFile->setPath('http://localhos...')
#3 C:\xampp\htdocs\AttendanceSystem\app\Controllers\Admin\PayrollController.php(54): CodeIgniter\HTTP\Files\UploadedFile->move('http://localhos...', '1650888892_a8cd...')
#4 C:\xampp\htdocs\AttendanceSystem\system\CodeIgniter.php(832): App\Controllers\Admin\PayrollController->uploadPayslip()
#5 C:\xampp\htdocs\AttendanceSystem\system\CodeIgniter.php(419): CodeIgniter\CodeIgniter->runController(Object(App\Controllers\Admin\PayrollController))
#6 C:\xampp\htdocs\AttendanceSystem\system\CodeIgniter.php(326): CodeIgniter\CodeIgniter->handleRequest(NULL, Object(Config\Cache), false)
#7 C:\xampp\htdocs\AttendanceSystem\index.php(37): CodeIgniter\CodeIgniter->run()
#8 {main}
CRITICAL - 2022-04-25 17:51:51 --> The uploaded file has already been moved.
#0 C:\xampp\htdocs\AttendanceSystem\system\HTTP\Files\UploadedFile.php(133): CodeIgniter\HTTP\Exceptions\HTTPException::forAlreadyMoved()
#1 C:\xampp\htdocs\AttendanceSystem\app\Controllers\Admin\PayrollController.php(55): CodeIgniter\HTTP\Files\UploadedFile->move('../public/csvfi...', '1650889311_51b3...')
#2 C:\xampp\htdocs\AttendanceSystem\system\CodeIgniter.php(832): App\Controllers\Admin\PayrollController->uploadPayslip()
#3 C:\xampp\htdocs\AttendanceSystem\system\CodeIgniter.php(419): CodeIgniter\CodeIgniter->runController(Object(App\Controllers\Admin\PayrollController))
#4 C:\xampp\htdocs\AttendanceSystem\system\CodeIgniter.php(326): CodeIgniter\CodeIgniter->handleRequest(NULL, Object(Config\Cache), false)
#5 C:\xampp\htdocs\AttendanceSystem\index.php(37): CodeIgniter\CodeIgniter->run()
#6 {main}
CRITICAL - 2022-04-25 17:52:15 --> The uploaded file has already been moved.
#0 C:\xampp\htdocs\AttendanceSystem\system\HTTP\Files\UploadedFile.php(133): CodeIgniter\HTTP\Exceptions\HTTPException::forAlreadyMoved()
#1 C:\xampp\htdocs\AttendanceSystem\app\Controllers\Admin\PayrollController.php(55): CodeIgniter\HTTP\Files\UploadedFile->move('../public/csvfi...', '1650889335_185b...')
#2 C:\xampp\htdocs\AttendanceSystem\system\CodeIgniter.php(832): App\Controllers\Admin\PayrollController->uploadPayslip()
#3 C:\xampp\htdocs\AttendanceSystem\system\CodeIgniter.php(419): CodeIgniter\CodeIgniter->runController(Object(App\Controllers\Admin\PayrollController))
#4 C:\xampp\htdocs\AttendanceSystem\system\CodeIgniter.php(326): CodeIgniter\CodeIgniter->handleRequest(NULL, Object(Config\Cache), false)
#5 C:\xampp\htdocs\AttendanceSystem\index.php(37): CodeIgniter\CodeIgniter->run()
#6 {main}
ERROR - 2022-04-25 21:12:57 --> Error connecting to the database: No connection could be made because the target machine actively refused it
CRITICAL - 2022-04-25 21:12:57 --> Unable to connect to the database.
Main connection [MySQLi]: No connection could be made because the target machine actively refused it
#0 C:\xampp\htdocs\AttendanceSystem\system\Database\BaseConnection.php(577): CodeIgniter\Database\BaseConnection->initialize()
#1 C:\xampp\htdocs\AttendanceSystem\system\Database\BaseBuilder.php(1455): CodeIgniter\Database\BaseConnection->query('SELECT `id`, `e...', Array, false)
#2 C:\xampp\htdocs\AttendanceSystem\app\Controllers\Admin\PayrollController.php(21): CodeIgniter\Database\BaseBuilder->get()
#3 C:\xampp\htdocs\AttendanceSystem\system\CodeIgniter.php(832): App\Controllers\Admin\PayrollController->index()
#4 C:\xampp\htdocs\AttendanceSystem\system\CodeIgniter.php(419): CodeIgniter\CodeIgniter->runController(Object(App\Controllers\Admin\PayrollController))
#5 C:\xampp\htdocs\AttendanceSystem\system\CodeIgniter.php(326): CodeIgniter\CodeIgniter->handleRequest(NULL, Object(Config\Cache), false)
#6 C:\xampp\htdocs\AttendanceSystem\index.php(37): CodeIgniter\CodeIgniter->run()
#7 {main}
CRITICAL - 2022-04-25 21:14:28 --> Undefined variable $attr
#0 C:\xampp\htdocs\AttendanceSystem\app\Views\admin\admin_payroll\payroll_layout.php(35): CodeIgniter\Debug\Exceptions->errorHandler(2, 'Undefined varia...', 'C:\\xampp\\htdocs...', 35)
#1 C:\xampp\htdocs\AttendanceSystem\system\View\View.php(210): include('C:\\xampp\\htdocs...')
#2 C:\xampp\htdocs\AttendanceSystem\system\View\View.php(213): CodeIgniter\View\View->CodeIgniter\View\{closure}()
#3 C:\xampp\htdocs\AttendanceSystem\system\Common.php(1089): CodeIgniter\View\View->render('admin/admin_pay...', Array, true)
#4 C:\xampp\htdocs\AttendanceSystem\app\Controllers\Admin\PayrollController.php(44): view('admin/admin_pay...', Array)
#5 C:\xampp\htdocs\AttendanceSystem\system\CodeIgniter.php(832): App\Controllers\Admin\PayrollController->payrollLayout()
#6 C:\xampp\htdocs\AttendanceSystem\system\CodeIgniter.php(419): CodeIgniter\CodeIgniter->runController(Object(App\Controllers\Admin\PayrollController))
#7 C:\xampp\htdocs\AttendanceSystem\system\CodeIgniter.php(326): CodeIgniter\CodeIgniter->handleRequest(NULL, Object(Config\Cache), false)
#8 C:\xampp\htdocs\AttendanceSystem\index.php(37): CodeIgniter\CodeIgniter->run()
#9 {main}
CRITICAL - 2022-04-25 21:14:30 --> Undefined variable $attr
#0 C:\xampp\htdocs\AttendanceSystem\app\Views\admin\admin_payroll\payroll_layout.php(35): CodeIgniter\Debug\Exceptions->errorHandler(2, 'Undefined varia...', 'C:\\xampp\\htdocs...', 35)
#1 C:\xampp\htdocs\AttendanceSystem\system\View\View.php(210): include('C:\\xampp\\htdocs...')
#2 C:\xampp\htdocs\AttendanceSystem\system\View\View.php(213): CodeIgniter\View\View->CodeIgniter\View\{closure}()
#3 C:\xampp\htdocs\AttendanceSystem\system\Common.php(1089): CodeIgniter\View\View->render('admin/admin_pay...', Array, true)
#4 C:\xampp\htdocs\AttendanceSystem\app\Controllers\Admin\PayrollController.php(44): view('admin/admin_pay...', Array)
#5 C:\xampp\htdocs\AttendanceSystem\system\CodeIgniter.php(832): App\Controllers\Admin\PayrollController->payrollLayout()
#6 C:\xampp\htdocs\AttendanceSystem\system\CodeIgniter.php(419): CodeIgniter\CodeIgniter->runController(Object(App\Controllers\Admin\PayrollController))
#7 C:\xampp\htdocs\AttendanceSystem\system\CodeIgniter.php(326): CodeIgniter\CodeIgniter->handleRequest(NULL, Object(Config\Cache), false)
#8 C:\xampp\htdocs\AttendanceSystem\index.php(37): CodeIgniter\CodeIgniter->run()
#9 {main}
CRITICAL - 2022-04-25 21:14:33 --> Undefined variable $attr
#0 C:\xampp\htdocs\AttendanceSystem\app\Views\admin\admin_payroll\payroll_layout.php(35): CodeIgniter\Debug\Exceptions->errorHandler(2, 'Undefined varia...', 'C:\\xampp\\htdocs...', 35)
#1 C:\xampp\htdocs\AttendanceSystem\system\View\View.php(210): include('C:\\xampp\\htdocs...')
#2 C:\xampp\htdocs\AttendanceSystem\system\View\View.php(213): CodeIgniter\View\View->CodeIgniter\View\{closure}()
#3 C:\xampp\htdocs\AttendanceSystem\system\Common.php(1089): CodeIgniter\View\View->render('admin/admin_pay...', Array, true)
#4 C:\xampp\htdocs\AttendanceSystem\app\Controllers\Admin\PayrollController.php(44): view('admin/admin_pay...', Array)
#5 C:\xampp\htdocs\AttendanceSystem\system\CodeIgniter.php(832): App\Controllers\Admin\PayrollController->payrollLayout()
#6 C:\xampp\htdocs\AttendanceSystem\system\CodeIgniter.php(419): CodeIgniter\CodeIgniter->runController(Object(App\Controllers\Admin\PayrollController))
#7 C:\xampp\htdocs\AttendanceSystem\system\CodeIgniter.php(326): CodeIgniter\CodeIgniter->handleRequest(NULL, Object(Config\Cache), false)
#8 C:\xampp\htdocs\AttendanceSystem\index.php(37): CodeIgniter\CodeIgniter->run()
#9 {main}
CRITICAL - 2022-04-25 21:14:35 --> Undefined variable $attr
#0 C:\xampp\htdocs\AttendanceSystem\app\Views\admin\admin_payroll\payroll_layout.php(35): CodeIgniter\Debug\Exceptions->errorHandler(2, 'Undefined varia...', 'C:\\xampp\\htdocs...', 35)
#1 C:\xampp\htdocs\AttendanceSystem\system\View\View.php(210): include('C:\\xampp\\htdocs...')
#2 C:\xampp\htdocs\AttendanceSystem\system\View\View.php(213): CodeIgniter\View\View->CodeIgniter\View\{closure}()
#3 C:\xampp\htdocs\AttendanceSystem\system\Common.php(1089): CodeIgniter\View\View->render('admin/admin_pay...', Array, true)
#4 C:\xampp\htdocs\AttendanceSystem\app\Controllers\Admin\PayrollController.php(44): view('admin/admin_pay...', Array)
#5 C:\xampp\htdocs\AttendanceSystem\system\CodeIgniter.php(832): App\Controllers\Admin\PayrollController->payrollLayout()
#6 C:\xampp\htdocs\AttendanceSystem\system\CodeIgniter.php(419): CodeIgniter\CodeIgniter->runController(Object(App\Controllers\Admin\PayrollController))
#7 C:\xampp\htdocs\AttendanceSystem\system\CodeIgniter.php(326): CodeIgniter\CodeIgniter->handleRequest(NULL, Object(Config\Cache), false)
#8 C:\xampp\htdocs\AttendanceSystem\index.php(37): CodeIgniter\CodeIgniter->run()
#9 {main}
CRITICAL - 2022-04-25 21:15:11 --> Undefined variable $attr
#0 C:\xampp\htdocs\AttendanceSystem\app\Views\admin\admin_payroll\payroll_layout.php(35): CodeIgniter\Debug\Exceptions->errorHandler(2, 'Undefined varia...', 'C:\\xampp\\htdocs...', 35)
#1 C:\xampp\htdocs\AttendanceSystem\system\View\View.php(210): include('C:\\xampp\\htdocs...')
#2 C:\xampp\htdocs\AttendanceSystem\system\View\View.php(213): CodeIgniter\View\View->CodeIgniter\View\{closure}()
#3 C:\xampp\htdocs\AttendanceSystem\system\Common.php(1089): CodeIgniter\View\View->render('admin/admin_pay...', Array, true)
#4 C:\xampp\htdocs\AttendanceSystem\app\Controllers\Admin\PayrollController.php(44): view('admin/admin_pay...', Array)
#5 C:\xampp\htdocs\AttendanceSystem\system\CodeIgniter.php(832): App\Controllers\Admin\PayrollController->payrollLayout()
#6 C:\xampp\htdocs\AttendanceSystem\system\CodeIgniter.php(419): CodeIgniter\CodeIgniter->runController(Object(App\Controllers\Admin\PayrollController))
#7 C:\xampp\htdocs\AttendanceSystem\system\CodeIgniter.php(326): CodeIgniter\CodeIgniter->handleRequest(NULL, Object(Config\Cache), false)
#8 C:\xampp\htdocs\AttendanceSystem\index.php(37): CodeIgniter\CodeIgniter->run()
#9 {main}
CRITICAL - 2022-04-25 21:16:26 --> Undefined variable $attr
#0 C:\xampp\htdocs\AttendanceSystem\app\Views\admin\admin_payroll\payroll_layout.php(35): CodeIgniter\Debug\Exceptions->errorHandler(2, 'Undefined varia...', 'C:\\xampp\\htdocs...', 35)
#1 C:\xampp\htdocs\AttendanceSystem\system\View\View.php(210): include('C:\\xampp\\htdocs...')
#2 C:\xampp\htdocs\AttendanceSystem\system\View\View.php(213): CodeIgniter\View\View->CodeIgniter\View\{closure}()
#3 C:\xampp\htdocs\AttendanceSystem\system\Common.php(1089): CodeIgniter\View\View->render('admin/admin_pay...', Array, true)
#4 C:\xampp\htdocs\AttendanceSystem\app\Controllers\Admin\PayrollController.php(44): view('admin/admin_pay...', Array)
#5 C:\xampp\htdocs\AttendanceSystem\system\CodeIgniter.php(832): App\Controllers\Admin\PayrollController->payrollLayout()
#6 C:\xampp\htdocs\AttendanceSystem\system\CodeIgniter.php(419): CodeIgniter\CodeIgniter->runController(Object(App\Controllers\Admin\PayrollController))
#7 C:\xampp\htdocs\AttendanceSystem\system\CodeIgniter.php(326): CodeIgniter\CodeIgniter->handleRequest(NULL, Object(Config\Cache), false)
#8 C:\xampp\htdocs\AttendanceSystem\index.php(37): CodeIgniter\CodeIgniter->run()
#9 {main}
CRITICAL - 2022-04-25 21:17:43 --> Undefined variable $attr
#0 C:\xampp\htdocs\AttendanceSystem\app\Views\admin\admin_payroll\payroll_layout.php(40): CodeIgniter\Debug\Exceptions->errorHandler(2, 'Undefined varia...', 'C:\\xampp\\htdocs...', 40)
#1 C:\xampp\htdocs\AttendanceSystem\system\View\View.php(210): include('C:\\xampp\\htdocs...')
#2 C:\xampp\htdocs\AttendanceSystem\system\View\View.php(213): CodeIgniter\View\View->CodeIgniter\View\{closure}()
#3 C:\xampp\htdocs\AttendanceSystem\system\Common.php(1089): CodeIgniter\View\View->render('admin/admin_pay...', Array, true)
#4 C:\xampp\htdocs\AttendanceSystem\app\Controllers\Admin\PayrollController.php(44): view('admin/admin_pay...', Array)
#5 C:\xampp\htdocs\AttendanceSystem\system\CodeIgniter.php(832): App\Controllers\Admin\PayrollController->payrollLayout()
#6 C:\xampp\htdocs\AttendanceSystem\system\CodeIgniter.php(419): CodeIgniter\CodeIgniter->runController(Object(App\Controllers\Admin\PayrollController))
#7 C:\xampp\htdocs\AttendanceSystem\system\CodeIgniter.php(326): CodeIgniter\CodeIgniter->handleRequest(NULL, Object(Config\Cache), false)
#8 C:\xampp\htdocs\AttendanceSystem\index.php(37): CodeIgniter\CodeIgniter->run()
#9 {main}
CRITICAL - 2022-04-25 21:17:44 --> Undefined variable $attr
#0 C:\xampp\htdocs\AttendanceSystem\app\Views\admin\admin_payroll\payroll_layout.php(40): CodeIgniter\Debug\Exceptions->errorHandler(2, 'Undefined varia...', 'C:\\xampp\\htdocs...', 40)
#1 C:\xampp\htdocs\AttendanceSystem\system\View\View.php(210): include('C:\\xampp\\htdocs...')
#2 C:\xampp\htdocs\AttendanceSystem\system\View\View.php(213): CodeIgniter\View\View->CodeIgniter\View\{closure}()
#3 C:\xampp\htdocs\AttendanceSystem\system\Common.php(1089): CodeIgniter\View\View->render('admin/admin_pay...', Array, true)
#4 C:\xampp\htdocs\AttendanceSystem\app\Controllers\Admin\PayrollController.php(44): view('admin/admin_pay...', Array)
#5 C:\xampp\htdocs\AttendanceSystem\system\CodeIgniter.php(832): App\Controllers\Admin\PayrollController->payrollLayout()
#6 C:\xampp\htdocs\AttendanceSystem\system\CodeIgniter.php(419): CodeIgniter\CodeIgniter->runController(Object(App\Controllers\Admin\PayrollController))
#7 C:\xampp\htdocs\AttendanceSystem\system\CodeIgniter.php(326): CodeIgniter\CodeIgniter->handleRequest(NULL, Object(Config\Cache), false)
#8 C:\xampp\htdocs\AttendanceSystem\index.php(37): CodeIgniter\CodeIgniter->run()
#9 {main}
CRITICAL - 2022-04-25 21:19:34 --> Undefined variable $attr
#0 C:\xampp\htdocs\AttendanceSystem\app\Views\admin\admin_payroll\payroll_layout.php(35): CodeIgniter\Debug\Exceptions->errorHandler(2, 'Undefined varia...', 'C:\\xampp\\htdocs...', 35)
#1 C:\xampp\htdocs\AttendanceSystem\system\View\View.php(210): include('C:\\xampp\\htdocs...')
#2 C:\xampp\htdocs\AttendanceSystem\system\View\View.php(213): CodeIgniter\View\View->CodeIgniter\View\{closure}()
#3 C:\xampp\htdocs\AttendanceSystem\system\Common.php(1089): CodeIgniter\View\View->render('admin/admin_pay...', Array, true)
#4 C:\xampp\htdocs\AttendanceSystem\app\Controllers\Admin\PayrollController.php(44): view('admin/admin_pay...', Array)
#5 C:\xampp\htdocs\AttendanceSystem\system\CodeIgniter.php(832): App\Controllers\Admin\PayrollController->payrollLayout()
#6 C:\xampp\htdocs\AttendanceSystem\system\CodeIgniter.php(419): CodeIgniter\CodeIgniter->runController(Object(App\Controllers\Admin\PayrollController))
#7 C:\xampp\htdocs\AttendanceSystem\system\CodeIgniter.php(326): CodeIgniter\CodeIgniter->handleRequest(NULL, Object(Config\Cache), false)
#8 C:\xampp\htdocs\AttendanceSystem\index.php(37): CodeIgniter\CodeIgniter->run()
#9 {main}
CRITICAL - 2022-04-25 21:20:43 --> Undefined variable $attr
#0 C:\xampp\htdocs\AttendanceSystem\app\Views\admin\admin_payroll\payroll_layout.php(35): CodeIgniter\Debug\Exceptions->errorHandler(2, 'Undefined varia...', 'C:\\xampp\\htdocs...', 35)
#1 C:\xampp\htdocs\AttendanceSystem\system\View\View.php(210): include('C:\\xampp\\htdocs...')
#2 C:\xampp\htdocs\AttendanceSystem\system\View\View.php(213): CodeIgniter\View\View->CodeIgniter\View\{closure}()
#3 C:\xampp\htdocs\AttendanceSystem\system\Common.php(1089): CodeIgniter\View\View->render('admin/admin_pay...', Array, true)
#4 C:\xampp\htdocs\AttendanceSystem\app\Controllers\Admin\PayrollController.php(44): view('admin/admin_pay...', Array)
#5 C:\xampp\htdocs\AttendanceSystem\system\CodeIgniter.php(832): App\Controllers\Admin\PayrollController->payrollLayout()
#6 C:\xampp\htdocs\AttendanceSystem\system\CodeIgniter.php(419): CodeIgniter\CodeIgniter->runController(Object(App\Controllers\Admin\PayrollController))
#7 C:\xampp\htdocs\AttendanceSystem\system\CodeIgniter.php(326): CodeIgniter\CodeIgniter->handleRequest(NULL, Object(Config\Cache), false)
#8 C:\xampp\htdocs\AttendanceSystem\index.php(37): CodeIgniter\CodeIgniter->run()
#9 {main}
CRITICAL - 2022-04-25 21:20:48 --> Undefined variable $attr
#0 C:\xampp\htdocs\AttendanceSystem\app\Views\admin\admin_payroll\payroll_layout.php(35): CodeIgniter\Debug\Exceptions->errorHandler(2, 'Undefined varia...', 'C:\\xampp\\htdocs...', 35)
#1 C:\xampp\htdocs\AttendanceSystem\system\View\View.php(210): include('C:\\xampp\\htdocs...')
#2 C:\xampp\htdocs\AttendanceSystem\system\View\View.php(213): CodeIgniter\View\View->CodeIgniter\View\{closure}()
#3 C:\xampp\htdocs\AttendanceSystem\system\Common.php(1089): CodeIgniter\View\View->render('admin/admin_pay...', Array, true)
#4 C:\xampp\htdocs\AttendanceSystem\app\Controllers\Admin\PayrollController.php(44): view('admin/admin_pay...', Array)
#5 C:\xampp\htdocs\AttendanceSystem\system\CodeIgniter.php(832): App\Controllers\Admin\PayrollController->payrollLayout()
#6 C:\xampp\htdocs\AttendanceSystem\system\CodeIgniter.php(419): CodeIgniter\CodeIgniter->runController(Object(App\Controllers\Admin\PayrollController))
#7 C:\xampp\htdocs\AttendanceSystem\system\CodeIgniter.php(326): CodeIgniter\CodeIgniter->handleRequest(NULL, Object(Config\Cache), false)
#8 C:\xampp\htdocs\AttendanceSystem\index.php(37): CodeIgniter\CodeIgniter->run()
#9 {main}
CRITICAL - 2022-04-25 21:21:16 --> Undefined variable $attr
#0 C:\xampp\htdocs\AttendanceSystem\app\Views\admin\admin_payroll\payroll_layout.php(35): CodeIgniter\Debug\Exceptions->errorHandler(2, 'Undefined varia...', 'C:\\xampp\\htdocs...', 35)
#1 C:\xampp\htdocs\AttendanceSystem\system\View\View.php(210): include('C:\\xampp\\htdocs...')
#2 C:\xampp\htdocs\AttendanceSystem\system\View\View.php(213): CodeIgniter\View\View->CodeIgniter\View\{closure}()
#3 C:\xampp\htdocs\AttendanceSystem\system\Common.php(1089): CodeIgniter\View\View->render('admin/admin_pay...', Array, true)
#4 C:\xampp\htdocs\AttendanceSystem\app\Controllers\Admin\PayrollController.php(44): view('admin/admin_pay...', Array)
#5 C:\xampp\htdocs\AttendanceSystem\system\CodeIgniter.php(832): App\Controllers\Admin\PayrollController->payrollLayout()
#6 C:\xampp\htdocs\AttendanceSystem\system\CodeIgniter.php(419): CodeIgniter\CodeIgniter->runController(Object(App\Controllers\Admin\PayrollController))
#7 C:\xampp\htdocs\AttendanceSystem\system\CodeIgniter.php(326): CodeIgniter\CodeIgniter->handleRequest(NULL, Object(Config\Cache), false)
#8 C:\xampp\htdocs\AttendanceSystem\index.php(37): CodeIgniter\CodeIgniter->run()
#9 {main}
